Sat Apr 02 16:04:35 EDT 2016 ERROR:The game could not be launched for one of these reasons:
- An instance of the game is already running.
- Another program is bound to port 55556. You can change the port the game uses by editing the "Port" field in the configuration file.
Sat Apr 02 16:19:41 EDT 2016 ERROR:The game could not be launched for one of these reasons:
- An instance of the game is already running.
- Another program is bound to port 55556. You can change the port the game uses by editing the "Port" field in the configuration file.
Sat Apr 02 16:44:32 EDT 2016 ERROR:The game could not be launched for one of these reasons:
- An instance of the game is already running.
- Another program is bound to port 55556. You can change the port the game uses by editing the "Port" field in the configuration file.
Sat Apr 02 17:12:34 EDT 2016 ERROR:Leap Motion controller has disconnected.
Sat Apr 02 17:23:43 EDT 2016 ERROR:The game could not be launched for one of these reasons:
- An instance of the game is already running.
- Another program is bound to port 55556. You can change the port the game uses by editing the "Port" field in the configuration file.
Sat Apr 02 17:25:08 EDT 2016 ERROR:The game could not be launched for one of these reasons:
- An instance of the game is already running.
- Another program is bound to port 55556. You can change the port the game uses by editing the "Port" field in the configuration file.
Sat Apr 02 17:33:10 EDT 2016 ERROR:The game could not be launched for one of these reasons:
- An instance of the game is already running.
- Another program is bound to port 55556. You can change the port the game uses by editing the "Port" field in the configuration file.
Sat Apr 02 17:35:35 EDT 2016 ERROR:The game could not be launched for one of these reasons:
- An instance of the game is already running.
- Another program is bound to port 55556. You can change the port the game uses by editing the "Port" field in the configuration file.
Sat Apr 02 17:37:22 EDT 2016 ERROR:The game could not be launched for one of these reasons:
- An instance of the game is already running.
- Another program is bound to port 55556. You can change the port the game uses by editing the "Port" field in the configuration file.
Sat Apr 02 17:38:03 EDT 2016 ERROR:The game could not be launched for one of these reasons:
- An instance of the game is already running.
- Another program is bound to port 55556. You can change the port the game uses by editing the "Port" field in the configuration file.
Sat Apr 02 17:39:55 EDT 2016 ERROR:The game could not be launched for one of these reasons:
- An instance of the game is already running.
- Another program is bound to port 55556. You can change the port the game uses by editing the "Port" field in the configuration file.
Sat Apr 02 17:41:19 EDT 2016 ERROR:The game could not be launched for one of these reasons:
- An instance of the game is already running.
- Another program is bound to port 55556. You can change the port the game uses by editing the "Port" field in the configuration file.
Sat Apr 02 17:55:09 EDT 2016 ERROR:The game could not be launched for one of these reasons:
- An instance of the game is already running.
- Another program is bound to port 55556. You can change the port the game uses by editing the "Port" field in the configuration file.
Sat Apr 02 17:56:03 EDT 2016 ERROR:The game could not be launched for one of these reasons:
- An instance of the game is already running.
- Another program is bound to port 55556. You can change the port the game uses by editing the "Port" field in the configuration file.
Sat Apr 02 17:56:32 EDT 2016 ERROR:The game could not be launched for one of these reasons:
- An instance of the game is already running.
- Another program is bound to port 55556. You can change the port the game uses by editing the "Port" field in the configuration file.
Sat Apr 02 19:11:59 EDT 2016 ERROR:Game.update() failure.
org.newdawn.slick.SlickException: Game.update() failure.
	at org.newdawn.slick.GameContainer.updateAndRender(GameContainer.java:708)
	at itdelatrisu.potato.Container.gameLoop(Container.java:74)
	at itdelatrisu.potato.Container.start(Container.java:48)
	at itdelatrisu.potato.App.main(App.java:149)
Caused by: java.util.ConcurrentModificationException
	at java.util.ArrayList$Itr.checkForComodification(Unknown Source)
	at java.util.ArrayList$Itr.next(Unknown Source)
	at itdelatrisu.potato.ScoreData.update(ScoreData.java:62)
	at itdelatrisu.potato.states.Training.update(Training.java:89)
	at org.newdawn.slick.state.StateBasedGame.update(StateBasedGame.java:266)
	at org.newdawn.slick.GameContainer.updateAndRender(GameContainer.java:702)
	... 3 more
Sat Apr 02 19:12:19 EDT 2016 ERROR:Game.update() failure.
org.newdawn.slick.SlickException: Game.update() failure.
	at org.newdawn.slick.GameContainer.updateAndRender(GameContainer.java:708)
	at itdelatrisu.potato.Container.gameLoop(Container.java:74)
	at itdelatrisu.potato.Container.start(Container.java:48)
	at itdelatrisu.potato.App.main(App.java:149)
Caused by: java.util.ConcurrentModificationException
	at java.util.ArrayList$Itr.checkForComodification(Unknown Source)
	at java.util.ArrayList$Itr.next(Unknown Source)
	at itdelatrisu.potato.ScoreData.update(ScoreData.java:62)
	at itdelatrisu.potato.states.Training.update(Training.java:89)
	at org.newdawn.slick.state.StateBasedGame.update(StateBasedGame.java:266)
	at org.newdawn.slick.GameContainer.updateAndRender(GameContainer.java:702)
	... 3 more
Sat Apr 02 19:13:27 EDT 2016 ERROR:Game.update() failure.
org.newdawn.slick.SlickException: Game.update() failure.
	at org.newdawn.slick.GameContainer.updateAndRender(GameContainer.java:708)
	at itdelatrisu.potato.Container.gameLoop(Container.java:74)
	at itdelatrisu.potato.Container.start(Container.java:48)
	at itdelatrisu.potato.App.main(App.java:149)
Caused by: java.util.ConcurrentModificationException
	at java.util.ArrayList$Itr.checkForComodification(Unknown Source)
	at java.util.ArrayList$Itr.next(Unknown Source)
	at itdelatrisu.potato.ScoreData.update(ScoreData.java:62)
	at itdelatrisu.potato.states.Training.update(Training.java:89)
	at org.newdawn.slick.state.StateBasedGame.update(StateBasedGame.java:266)
	at org.newdawn.slick.GameContainer.updateAndRender(GameContainer.java:702)
	... 3 more
Sat Apr 02 19:19:46 EDT 2016 ERROR:** Uncaught Exception! **
Sat Apr 02 19:19:46 EDT 2016 ERROR:No enum constant itdelatrisu.potato.GameImage.GAMEPAD_MAP_0
java.lang.IllegalArgumentException: No enum constant itdelatrisu.potato.GameImage.GAMEPAD_MAP_0
	at java.lang.Enum.valueOf(Unknown Source)
	at itdelatrisu.potato.GameImage.valueOf(GameImage.java:1)
	at itdelatrisu.potato.ui.Gamepad.<init>(Gamepad.java:48)
	at itdelatrisu.potato.ui.UI.init(UI.java:92)
	at itdelatrisu.potato.Utils.init(Utils.java:98)
	at itdelatrisu.potato.states.Splash.init(Splash.java:60)
	at org.newdawn.slick.state.StateBasedGame.init(StateBasedGame.java:171)
	at org.newdawn.slick.AppGameContainer.setup(AppGameContainer.java:393)
	at itdelatrisu.potato.Container.start(Container.java:45)
	at itdelatrisu.potato.App.main(App.java:149)
Sat Apr 02 19:19:54 EDT 2016 ERROR:The game could not be launched for one of these reasons:
- An instance of the game is already running.
- Another program is bound to port 55556. You can change the port the game uses by editing the "Port" field in the configuration file.
Sat Apr 02 19:20:00 EDT 2016 ERROR:The game could not be launched for one of these reasons:
- An instance of the game is already running.
- Another program is bound to port 55556. You can change the port the game uses by editing the "Port" field in the configuration file.
Sat Apr 02 19:20:14 EDT 2016 ERROR:The game could not be launched for one of these reasons:
- An instance of the game is already running.
- Another program is bound to port 55556. You can change the port the game uses by editing the "Port" field in the configuration file.
Sat Apr 02 19:20:53 EDT 2016 ERROR:** Uncaught Exception! **
Sat Apr 02 19:20:53 EDT 2016 ERROR:No enum constant itdelatrisu.potato.GameImage.GAMEPAD_MAP_0
java.lang.IllegalArgumentException: No enum constant itdelatrisu.potato.GameImage.GAMEPAD_MAP_0
	at java.lang.Enum.valueOf(Unknown Source)
	at itdelatrisu.potato.GameImage.valueOf(GameImage.java:1)
	at itdelatrisu.potato.ui.Gamepad.<init>(Gamepad.java:48)
	at itdelatrisu.potato.ui.UI.init(UI.java:92)
	at itdelatrisu.potato.Utils.init(Utils.java:98)
	at itdelatrisu.potato.states.Splash.init(Splash.java:60)
	at org.newdawn.slick.state.StateBasedGame.init(StateBasedGame.java:171)
	at org.newdawn.slick.AppGameContainer.setup(AppGameContainer.java:393)
	at itdelatrisu.potato.Container.start(Container.java:45)
	at itdelatrisu.potato.App.main(App.java:149)
Sat Apr 02 19:32:36 EDT 2016 ERROR:The game could not be launched for one of these reasons:
- An instance of the game is already running.
- Another program is bound to port 55556. You can change the port the game uses by editing the "Port" field in the configuration file.
Sat Apr 02 22:17:08 EDT 2016 ERROR:The game could not be launched for one of these reasons:
- An instance of the game is already running.
- Another program is bound to port 55556. You can change the port the game uses by editing the "Port" field in the configuration file.
Sat Apr 02 22:17:25 EDT 2016 ERROR:Game.render() failure.
org.newdawn.slick.SlickException: Game.render() failure.
	at org.newdawn.slick.GameContainer.updateAndRender(GameContainer.java:730)
	at itdelatrisu.potato.Container.gameLoop(Container.java:74)
	at itdelatrisu.potato.Container.start(Container.java:48)
	at itdelatrisu.potato.App.main(App.java:149)
Caused by: java.lang.NullPointerException
	at itdelatrisu.potato.states.GameRanking.render(GameRanking.java:54)
	at org.newdawn.slick.state.StateBasedGame.render(StateBasedGame.java:199)
	at org.newdawn.slick.GameContainer.updateAndRender(GameContainer.java:727)
	... 3 more
Sat Apr 02 22:27:59 EDT 2016 ERROR:Game.update() failure.
org.newdawn.slick.SlickException: Game.update() failure.
	at org.newdawn.slick.GameContainer.updateAndRender(GameContainer.java:708)
	at itdelatrisu.potato.Container.gameLoop(Container.java:74)
	at itdelatrisu.potato.Container.start(Container.java:48)
	at itdelatrisu.potato.App.main(App.java:149)
Caused by: java.lang.NullPointerException
	at itdelatrisu.potato.states.Game.update(Game.java:94)
	at org.newdawn.slick.state.StateBasedGame.update(StateBasedGame.java:266)
	at org.newdawn.slick.GameContainer.updateAndRender(GameContainer.java:702)
	... 3 more
Sat Apr 02 22:36:34 EDT 2016 ERROR:Leap Motion controller has disconnected.
Sat Apr 02 23:25:15 EDT 2016 ERROR:Game.render() failure.
org.newdawn.slick.SlickException: Game.render() failure.
	at org.newdawn.slick.GameContainer.updateAndRender(GameContainer.java:730)
	at itdelatrisu.potato.Container.gameLoop(Container.java:74)
	at itdelatrisu.potato.Container.start(Container.java:48)
	at itdelatrisu.potato.App.main(App.java:149)
Caused by: java.lang.NullPointerException
	at itdelatrisu.potato.states.GameRanking.render(GameRanking.java:54)
	at org.newdawn.slick.state.StateBasedGame.render(StateBasedGame.java:199)
	at org.newdawn.slick.GameContainer.updateAndRender(GameContainer.java:727)
	... 3 more
Sat Apr 02 23:25:16 EDT 2016 ERROR:The game could not be launched for one of these reasons:
- An instance of the game is already running.
- Another program is bound to port 55556. You can change the port the game uses by editing the "Port" field in the configuration file.
Sun Apr 03 00:08:56 EDT 2016 ERROR:Game.render() failure.
org.newdawn.slick.SlickException: Game.render() failure.
	at org.newdawn.slick.GameContainer.updateAndRender(GameContainer.java:730)
	at itdelatrisu.potato.Container.gameLoop(Container.java:74)
	at itdelatrisu.potato.Container.start(Container.java:48)
	at itdelatrisu.potato.App.main(App.java:149)
Caused by: java.lang.NullPointerException
	at itdelatrisu.potato.states.GameRanking.render(GameRanking.java:54)
	at org.newdawn.slick.state.StateBasedGame.render(StateBasedGame.java:199)
	at org.newdawn.slick.GameContainer.updateAndRender(GameContainer.java:727)
	... 3 more
Sun Apr 03 00:25:32 EDT 2016 ERROR:The game could not be launched for one of these reasons:
- An instance of the game is already running.
- Another program is bound to port 55556. You can change the port the game uses by editing the "Port" field in the configuration file.
Sun Apr 03 00:52:05 EDT 2016 ERROR:The game could not be launched for one of these reasons:
- An instance of the game is already running.
- Another program is bound to port 55556. You can change the port the game uses by editing the "Port" field in the configuration file.
Sun Apr 03 01:06:20 EDT 2016 ERROR:The game could not be launched for one of these reasons:
- An instance of the game is already running.
- Another program is bound to port 55556. You can change the port the game uses by editing the "Port" field in the configuration file.
Sun Apr 03 01:13:46 EDT 2016 ERROR:The game could not be launched for one of these reasons:
- An instance of the game is already running.
- Another program is bound to port 55556. You can change the port the game uses by editing the "Port" field in the configuration file.
Sun Apr 03 01:16:05 EDT 2016 ERROR:The game could not be launched for one of these reasons:
- An instance of the game is already running.
- Another program is bound to port 55556. You can change the port the game uses by editing the "Port" field in the configuration file.
Sun Apr 03 01:20:15 EDT 2016 ERROR:The game could not be launched for one of these reasons:
- An instance of the game is already running.
- Another program is bound to port 55556. You can change the port the game uses by editing the "Port" field in the configuration file.
Sun Apr 03 01:27:40 EDT 2016 ERROR:The game could not be launched for one of these reasons:
- An instance of the game is already running.
- Another program is bound to port 55556. You can change the port the game uses by editing the "Port" field in the configuration file.
Sun Apr 03 01:58:00 EDT 2016 ERROR:The game could not be launched for one of these reasons:
- An instance of the game is already running.
- Another program is bound to port 55556. You can change the port the game uses by editing the "Port" field in the configuration file.
Sun Apr 03 01:58:37 EDT 2016 ERROR:The game could not be launched for one of these reasons:
- An instance of the game is already running.
- Another program is bound to port 55556. You can change the port the game uses by editing the "Port" field in the configuration file.
Sun Apr 03 02:00:19 EDT 2016 ERROR:The game could not be launched for one of these reasons:
- An instance of the game is already running.
- Another program is bound to port 55556. You can change the port the game uses by editing the "Port" field in the configuration file.
Sun Apr 03 02:02:26 EDT 2016 ERROR:The game could not be launched for one of these reasons:
- An instance of the game is already running.
- Another program is bound to port 55556. You can change the port the game uses by editing the "Port" field in the configuration file.
Sun Apr 03 02:08:12 EDT 2016 ERROR:The game could not be launched for one of these reasons:
- An instance of the game is already running.
- Another program is bound to port 55556. You can change the port the game uses by editing the "Port" field in the configuration file.
Sun Apr 03 03:25:49 EDT 2016 ERROR:The game could not be launched for one of these reasons:
- An instance of the game is already running.
- Another program is bound to port 55556. You can change the port the game uses by editing the "Port" field in the configuration file.
Sun Apr 03 03:31:55 EDT 2016 ERROR:The game could not be launched for one of these reasons:
- An instance of the game is already running.
- Another program is bound to port 55556. You can change the port the game uses by editing the "Port" field in the configuration file.
